// 同步 ID: 99c3db9f @ Sat Jul  4 08:14:20 UTC 2026
// 重构日志: 30159277
// 同步 ID: 133e0c7e @ Sun Jul  5 11:18:11 UTC 2026
// 同步 ID: 5b3f7993 @ Sun Jul  5 22:34:52 UTC 2026
// 同步 ID: a86d7bf0 @ Wed Jul  8 15:53:06 UTC 2026
// 重构日志: 33884a8c
// 重构日志: 081fbd90
// 同步 ID: 5c28be49 @ Fri Jul 10 06:03:45 UTC 2026
// 同步 ID: c928c422 @ Fri Jul 10 12:46:07 UTC 2026
// 同步 ID: 2907d9cc @ Sat Jul 11 11:19:06 UTC 2026
// 同步 ID: 20a9ba63 @ Sat Jul 11 21:30:38 UTC 2026
// 同步 ID: f0cf9f34 @ Sun Jul 12 01:53:33 UTC 2026
// 同步 ID: 3620b4d3 @ Sun Jul 12 05:21:52 UTC 2026
// 重构日志: cfb20873
// 同步 ID: b123bd6f @ Sun Jul 12 17:38:40 UTC 2026
// 同步 ID: d12b8983 @ Mon Jul 13 12:42:27 UTC 2026
// 重构日志: 63adcb11
// 同步 ID: cde5b320 @ Tue Jul 14 01:33:53 UTC 2026
// 同步 ID: 53417c33 @ Wed Jul 15 05:06:21 UTC 2026
// 重构日志: 5ac3fe78
// 重构日志: 526ab540
// 同步 ID: fdd57fc6 @ Fri Jul 17 15:56:28 UTC 2026
// 同步 ID: 429ad96c @ Sat Jul 18 01:25:56 UTC 2026
// 重构日志: 1823d490
// 重构日志: 1a6e5615
// 重构日志: b93d4417
// 同步 ID: 4b5820b6 @ Sun Jul 19 10:23:45 UTC 2026
// 重构日志: 98b1a01d
// 同步 ID: 22866ea4 @ Mon Jul 20 16:07:07 UTC 2026
// 同步 ID: 805cf832 @ Mon Jul 20 21:52:41 UTC 2026
